<?xml version="1.0" encoding="UTF-8"?>
<!-- Generated by org.testng.reporters.JUnitReportReporter -->
<testsuite hostname="DESKTOP-GD0GHNL" failures="0" tests="11" name="com.mindtree.runner.TestRunner" time="231.650" errors="0" timestamp="2022-01-18T22:52:26 IST" skipped="0">
  <testcase classname="com.mindtree.runner.TestRunner" name="runScenario" time="9.485"/>
  <testcase classname="com.mindtree.runner.TestRunner" name="runScenario" time="28.345"/>
  <testcase classname="com.mindtree.runner.TestRunner" name="runScenario" time="24.240"/>
  <testcase classname="com.mindtree.runner.TestRunner" name="runScenario" time="23.974"/>
  <testcase classname="com.mindtree.runner.TestRunner" name="runScenario" time="28.133"/>
  <testcase classname="com.mindtree.runner.TestRunner" name="runScenario" time="12.343"/>
  <testcase classname="com.mindtree.runner.TestRunner" name="runScenario" time="22.258"/>
  <testcase classname="com.mindtree.runner.TestRunner" name="runScenario" time="27.500"/>
  <testcase classname="com.mindtree.runner.TestRunner" name="runScenario" time="10.420"/>
  <testcase classname="com.mindtree.runner.TestRunner" name="runScenario" time="16.202"/>
  <testcase classname="com.mindtree.runner.TestRunner" name="runScenario" time="28.750"/>
</testsuite> <!-- com.mindtree.runner.TestRunner -->
