<?xml version="1.0" encoding="UTF-8"?>
<!-- Generated by org.testng.reporters.JUnitReportReporter -->
<testsuite hostname="LAPTOP-Q1QGKN5O" failures="0" tests="11" name="com.mindtree.runner.TestRunner" time="232.926" errors="0" timestamp="2022-01-18T00:17:48 IST" skipped="0">
  <testcase classname="com.mindtree.runner.TestRunner" name="runScenario" time="31.554"/>
  <testcase classname="com.mindtree.runner.TestRunner" name="runScenario" time="28.118"/>
  <testcase classname="com.mindtree.runner.TestRunner" name="runScenario" time="5.562"/>
  <testcase classname="com.mindtree.runner.TestRunner" name="runScenario" time="10.567"/>
  <testcase classname="com.mindtree.runner.TestRunner" name="runScenario" time="20.891"/>
  <testcase classname="com.mindtree.runner.TestRunner" name="runScenario" time="23.777"/>
  <testcase classname="com.mindtree.runner.TestRunner" name="runScenario" time="10.726"/>
  <testcase classname="com.mindtree.runner.TestRunner" name="runScenario" time="13.779"/>
  <testcase classname="com.mindtree.runner.TestRunner" name="runScenario" time="30.725"/>
  <testcase classname="com.mindtree.runner.TestRunner" name="runScenario" time="25.750"/>
  <testcase classname="com.mindtree.runner.TestRunner" name="runScenario" time="31.477"/>
</testsuite> <!-- com.mindtree.runner.TestRunner -->
